<?xml version="1.0" encoding="UTF-8"?>
<persistence version="2.1" xmlns="http://xmlns.jcp.org/xml/ns/persistence" xmlns:xsi="http://www.w3.org/2001/XMLSchema-instance" xsi:schemaLocation="http://xmlns.jcp.org/xml/ns/persistence http://xmlns.jcp.org/xml/ns/persistence/persistence_2_1.xsd">
  <persistence-unit name="jpa_moviezone_test_pu" transaction-type="JTA">
    <jta-data-source>jdbc/MovieZone</jta-data-source>
    <class>edu.chalmers.moviezone_backend.Enjoyer</class>
    <class>edu.chalmers.moviezone_backend.Review</class>
    <class>edu.chalmers.moviezone_backend.Rate</class>
    <exclude-unlisted-classes>false</exclude-unlisted-classes>
    <properties>
      <property name="javax.persistence.schema-generation.database.action" value="drop-and-create"/>
    </properties>
  </persistence-unit>
</persistence>
